<?xml version="1.0" ?>
<?xml-stylesheet type='text/xsl' href='interface.xsl'?>
<interface uri="https://raw.github.com/ryppl/feeds/gh-pages/boost/test-src.xml" xmlns="http://zero-install.sourceforge.net/2004/injector/interface" xmlns:compile="http://zero-install.sourceforge.net/2006/namespaces/0compile" xmlns:dc="http://purl.org/dc/elements/1.1/" xmlns:ryppl="http://ryppl.org/2012">
  <name>Boost.Test (source code)</name>
  <icon href="http://svn.boost.org/svn/boost/website/public_html/live/gfx/boost-dark-trans.png" type="image/png"/>
  <ryppl:vcs-repository href="http://github.com/boost-lib/test.git" type="git"/>
  <summary>A C++ library from Boost.org</summary>
  <homepage>http://www.boost.org/libs/test/</homepage>
  <dc:author>Gennadiy Rozental</dc:author>
  <description>Support for simple program testing, full unit
    testing, and for program execution monitoring.</description>
  <category type="http://boost.org/lib-categories/2012">Correctness</category>
  <group license="OSI Approved :: Boost Software License 1.0 (BSL-1.0)">
    <implementation arch="*-*" id="4a901255-16a8-4758-af1d-864b29b39ccd" released="2012-05-16" ryppl:vcs-revision="d107de5e21a70a524c9d1f3904e83a1f05782166" stability="developer" version="1.49-post-2012.05.16.2150">
      <archive extract="boost-lib-test-d107de5" href="http://nodeload.github.com/boost-lib/test/zipball/d107de5e21a70a524c9d1f3904e83a1f05782166" size="1004859" type="application/zip"/>
      <manifest-digest sha1new="6b57507cef2048f000a337d095c6b3c3dbedac65"/>
    </implementation>
    <requires interface="https://raw.github.com/ryppl/feeds/gh-pages/boost/config-src.xml"/>
    <requires interface="https://raw.github.com/ryppl/feeds/gh-pages/boost/timer-src.xml"/>
    <command name="develop">
      <runner interface="https://raw.github.com/ryppl/feeds/gh-pages/ryppl/ryppl.xml"/>
    </command>
  </group>
</interface>
<!-- Base64 Signature
iEYEABECAAYFAk+0I1MACgkQxnV5mk56UjFfmQCfQ8WfeySnOTZ0lcYVBK1KplrQzZIAn0ZrfdvG
w8fXvwCTK9esLElJyC7u

-->
