<?xml version="1.0" ?>
<?xml-stylesheet type='text/xsl' href='interface.xsl'?>
<interface uri="http://ryppl.github.com/feeds/boost/test-dev.xml" xmlns="http://zero-install.sourceforge.net/2004/injector/interface" xmlns:compile="http://zero-install.sourceforge.net/2006/namespaces/0compile" xmlns:dc="http://purl.org/dc/elements/1.1/">
  <name>Boost.Test (development files)</name>
  <icon href="http://svn.boost.org/svn/boost/website/public_html/live/gfx/boost-dark-trans.png" type="image/png"/>
  <summary>A C++ library from Boost.org</summary>
  <homepage>http://www.boost.org/libs/test/</homepage>
  <dc:author>Gennadiy Rozental</dc:author>
  <description>Support for simple program testing, full unit
    testing, and for program execution monitoring.</description>
  <category type="http://boost.org/lib-categories">Correctness</category>
  <group license="OSI Approved :: Boost Software License 1.0 (BSL-1.0)">
    <implementation arch="*-src" id="312b6c35-08a5-413d-8d2c-5fceed0b343d" released="2012-05-03" stability="testing" version="1.49-post-201205030432">
      <archive extract="empty" href="http://ryppl.github.com/feeds/empty.zip" size="162" type="application/zip"/>
      <manifest-digest sha1new="da39a3ee5e6b4b0d3255bfef95601890afd80709"/>
    </implementation>
    <command name="compile">
      <runner interface="http://ryppl.github.com/feeds/ryppl/0cmake.xml">
        <version not-before="0.8-pre-201205011504"/>
        <arg>dev</arg>
      </runner>
      <requires interface="http://ryppl.github.com/feeds/boost/test-preinstall.xml">
        <environment insert="." mode="replace" name="SRCDIR"/>
      </requires>
    </command>
  </group>
</interface>
<!-- Base64 Signature
iEYEABECAAYFAk+iCnYACgkQxnV5mk56UjGhvACaAnx7GcOhX8DhcxMXDGweXJHWLIQAnRKYB//X
M5RHmps6781+414TnGFr

-->
