<?xml version="1.0" ?>
<?xml-stylesheet type='text/xsl' href='interface.xsl'?>
<interface uri="http://ryppl.github.com/feeds/boost/test-src.xml" xmlns="http://zero-install.sourceforge.net/2004/injector/interface" xmlns:compile="http://zero-install.sourceforge.net/2006/namespaces/0compile" xmlns:dc="http://purl.org/dc/elements/1.1/" xmlns:ryppl="http://ryppl.org/2012">
  <name>Boost.Test (source code)</name>
  <icon href="http://svn.boost.org/svn/boost/website/public_html/live/gfx/boost-dark-trans.png" type="image/png"/>
  <ryppl:repository href="http://github.com/boost-lib/test.git" type="git"/>
  <summary>A C++ library from Boost.org</summary>
  <homepage>http://www.boost.org/libs/test/</homepage>
  <dc:author>Gennadiy Rozental</dc:author>
  <description>Support for simple program testing, full unit
    testing, and for program execution monitoring.</description>
  <category type="http://boost.org/lib-categories">Correctness</category>
  <group license="OSI Approved :: Boost Software License 1.0 (BSL-1.0)">
    <implementation arch="*-*" id="d5e6fd17-581a-4cb1-a81f-907502bd3b0d" released="2012-05-15" stability="testing" version="1.49-post-2012.05.15.2329">
      <archive extract="boost-lib-test-a3ae1c3" href="http://nodeload.github.com/boost-lib/test/zipball/a3ae1c30aa2286a7f7e2bb37aa154059e544f3cc" size="1004084" type="application/zip"/>
      <manifest-digest sha1new="30463f4102cd7be48dfa6949a432fd6297e83b81"/>
    </implementation>
    <requires interface="http://ryppl.github.com/feeds/boost/config-src.xml"/>
    <requires interface="http://ryppl.github.com/feeds/boost/timer-src.xml"/>
    <command name="develop">
      <runner interface="http://ryppl.github.com/feeds/ryppl/ryppl.xml"/>
    </command>
  </group>
</interface>
<!-- Base64 Signature
iEYEABECAAYFAk+y6xMACgkQxnV5mk56UjHVDwCbBTR8m4kVURAbdnR2c7eyR4GUEu0An02Lnjpv
Pce53/kXZqc0PLTkZUXg

-->
