<?xml version="1.0" ?>
<?xml-stylesheet type='text/xsl' href='interface.xsl'?>
<interface uri="http://ryppl.github.com/feeds/boost/Test-dbg.xml" xmlns="http://zero-install.sourceforge.net/2004/injector/interface" xmlns:compile="http://zero-install.sourceforge.net/2006/namespaces/0compile" xmlns:dc="http://purl.org/dc/elements/1.1/">
  <name>BoostTest</name>
  <icon href="http://svn.boost.org/svn/boost/website/public_html/live/gfx/boost-dark-trans.png" type="image/png"/>
  <summary>A C++ library from Boost.org</summary>
  <homepage>http://www.boost.org/libs/test/</homepage>
  <dc:author>Gennadiy Rozental</dc:author>
  <description>Support for simple program testing, full unit
    testing, and for program execution monitoring.</description>
  <category type="http://boost.org/lib-categories">Correctness</category>
  <group license="OSI Approved :: Boost Software License 1.0 (BSL-1.0)">
    <implementation arch="*-src" id="a6073b2f-3a35-4fc9-8c8a-4758dfb606ea" released="2012-04-26" stability="testing" version="1.49-post-201204270327">
      <archive extract="boost-lib-test-a3ae1c3" href="http://nodeload.github.com/boost-lib/test/zipball/a3ae1c30aa2286a7f7e2bb37aa154059e544f3cc" size="1004084" type="application/zip"/>
      <manifest-digest sha256="48c064b1a7a6d44f758f14b808611f43b3229d4aedb454226c3081d90e20bee3"/>
    </implementation>
    <command name="compile">
      <runner interface="http://ryppl.github.com/feeds/ryppl/0runner.xml">
        <arg>http://afb.users.sourceforge.net/zero-install/interfaces/cmake.xml</arg>
        <arg>-E</arg>
        <arg>copy_directory</arg>
        <arg>${SRCDIR}</arg>
        <arg>./source</arg>
        <arg>-DBoostBind_DIR=${BoostBind_DIR}</arg>
        <arg>-DBoostConfig_DIR=${BoostConfig_DIR}</arg>
        <arg>-DBoostConversion_DIR=${BoostConversion_DIR}</arg>
        <arg>-DBoostCore_DIR=${BoostCore_DIR}</arg>
        <arg>-DBoostException_DIR=${BoostException_DIR}</arg>
        <arg>-DBoostFunction_DIR=${BoostFunction_DIR}</arg>
        <arg>-DBoostIO_DIR=${BoostIO_DIR}</arg>
        <arg>-DBoostIterator_DIR=${BoostIterator_DIR}</arg>
        <arg>-DBoostMpl_DIR=${BoostMpl_DIR}</arg>
        <arg>-DBoostNumeric_DIR=${BoostNumeric_DIR}</arg>
        <arg>-DBoostOptional_DIR=${BoostOptional_DIR}</arg>
        <arg>-DBoostPreprocessor_DIR=${BoostPreprocessor_DIR}</arg>
        <arg>-DBoostSmartPtr_DIR=${BoostSmartPtr_DIR}</arg>
        <arg>-DBoostStaticAssert_DIR=${BoostStaticAssert_DIR}</arg>
        <arg>-DBoostTimer_DIR=${BoostTimer_DIR}</arg>
        <arg>-DBoostTypeTraits_DIR=${BoostTypeTraits_DIR}</arg>
        <arg>-DBoostUtility_DIR=${BoostUtility_DIR}</arg>
        <arg>;</arg>
        <arg>http://afb.users.sourceforge.net/zero-install/interfaces/cmake.xml</arg>
        <arg>-E</arg>
        <arg>copy_directory</arg>
        <arg>${BOOST_CMAKELISTS_DIR}/test</arg>
        <arg>./source</arg>
        <arg>;</arg>
        <arg>http://afb.users.sourceforge.net/zero-install/interfaces/cmake.xml</arg>
        <arg>-DCMAKE_MODULE_PATH=${CMAKE_MODULE_PATH}</arg>
        <arg>./source</arg>
        <arg>-DBUILD_TYPE=Debug</arg>
        <arg>;</arg>
        <arg>http://afb.users.sourceforge.net/zero-install/interfaces/cmake.xml</arg>
        <arg>-DCMAKE_MODULE_PATH=${CMAKE_MODULE_PATH}</arg>
        <arg>--build</arg>
        <arg>.</arg>
        <arg>;</arg>
        <arg>http://afb.users.sourceforge.net/zero-install/interfaces/cmake.xml</arg>
        <arg>-DCMAKE_MODULE_PATH=${CMAKE_MODULE_PATH}</arg>
        <arg>-DCOMPONENT=dbg</arg>
        <arg>-DCMAKE_INSTALL_PREFIX=${DISTDIR}</arg>
        <arg>-P</arg>
        <arg>cmake_install.cmake</arg>
      </runner>
      <requires interface="http://ryppl.github.com/feeds/boost/CMakeLists.xml">
        <environment insert="." mode="replace" name="BOOST_CMAKELISTS_DIR"/>
      </requires>
      <requires interface="http://ryppl.github.com/feeds/ryppl/CMakeSupport.xml">
        <environment insert="Modules" mode="prepend" name="CMAKE_MODULE_PATH"/>
      </requires>
      <requires interface="http://ryppl.github.com/feeds/boost/Bind-dev.xml">
        <environment insert="." mode="replace" name="BoostBind_DIR"/>
      </requires>
      <requires interface="http://ryppl.github.com/feeds/boost/Config-dev.xml">
        <environment insert="." mode="replace" name="BoostConfig_DIR"/>
      </requires>
      <requires interface="http://ryppl.github.com/feeds/boost/Conversion-dev.xml">
        <environment insert="." mode="replace" name="BoostConversion_DIR"/>
      </requires>
      <requires interface="http://ryppl.github.com/feeds/boost/Core-dev.xml">
        <environment insert="." mode="replace" name="BoostCore_DIR"/>
      </requires>
      <requires interface="http://ryppl.github.com/feeds/boost/Exception-dev.xml">
        <environment insert="." mode="replace" name="BoostException_DIR"/>
      </requires>
      <requires interface="http://ryppl.github.com/feeds/boost/Function-dev.xml">
        <environment insert="." mode="replace" name="BoostFunction_DIR"/>
      </requires>
      <requires interface="http://ryppl.github.com/feeds/boost/IO-dev.xml">
        <environment insert="." mode="replace" name="BoostIO_DIR"/>
      </requires>
      <requires interface="http://ryppl.github.com/feeds/boost/Iterator-dev.xml">
        <environment insert="." mode="replace" name="BoostIterator_DIR"/>
      </requires>
      <requires interface="http://ryppl.github.com/feeds/boost/Mpl-dev.xml">
        <environment insert="." mode="replace" name="BoostMpl_DIR"/>
      </requires>
      <requires interface="http://ryppl.github.com/feeds/boost/Numeric-dev.xml">
        <environment insert="." mode="replace" name="BoostNumeric_DIR"/>
      </requires>
      <requires interface="http://ryppl.github.com/feeds/boost/Optional-dev.xml">
        <environment insert="." mode="replace" name="BoostOptional_DIR"/>
      </requires>
      <requires interface="http://ryppl.github.com/feeds/boost/Preprocessor-dev.xml">
        <environment insert="." mode="replace" name="BoostPreprocessor_DIR"/>
      </requires>
      <requires interface="http://ryppl.github.com/feeds/boost/SmartPtr-dev.xml">
        <environment insert="." mode="replace" name="BoostSmartPtr_DIR"/>
      </requires>
      <requires interface="http://ryppl.github.com/feeds/boost/StaticAssert-dev.xml">
        <environment insert="." mode="replace" name="BoostStaticAssert_DIR"/>
      </requires>
      <requires interface="http://ryppl.github.com/feeds/boost/Timer-dev.xml">
        <environment insert="." mode="replace" name="BoostTimer_DIR"/>
      </requires>
      <requires interface="http://ryppl.github.com/feeds/boost/TypeTraits-dev.xml">
        <environment insert="." mode="replace" name="BoostTypeTraits_DIR"/>
      </requires>
      <requires interface="http://ryppl.github.com/feeds/boost/Utility-dev.xml">
        <environment insert="." mode="replace" name="BoostUtility_DIR"/>
      </requires>
    </command>
  </group>
</interface>
<!-- Base64 Signature
iEYEABECAAYFAk+aEjMACgkQxnV5mk56UjFhDgCeNALB8tsCrjRwKIo+enqe+5xQSGoAn0G9rpJn
4K5h+b1U24GI9i+gh9fh

-->
