<?xml version="1.0" ?>
<?xml-stylesheet type='text/xsl' href='interface.xsl'?>
<interface uri="https://raw.github.com/ryppl/feeds/gh-pages/boost/test-src.xml" xmlns="http://zero-install.sourceforge.net/2004/injector/interface" xmlns:compile="http://zero-install.sourceforge.net/2006/namespaces/0compile" xmlns:dc="http://purl.org/dc/elements/1.1/" xmlns:ryppl="http://ryppl.org/2012">
  <name>Boost.Test (source code)</name>
  <icon href="http://svn.boost.org/svn/boost/website/public_html/live/gfx/boost-dark-trans.png" type="image/png"/>
  <ryppl:vcs-repository href="http://github.com/boost-lib/test.git" type="git"/>
  <summary>A C++ library from Boost.org</summary>
  <homepage>http://www.boost.org/libs/test/</homepage>
  <dc:author>Gennadiy Rozental</dc:author>
  <description>Support for simple program testing, full unit
    testing, and for program execution monitoring.</description>
  <category type="http://boost.org/lib-categories/2012">Correctness</category>
  <group license="OSI Approved :: Boost Software License 1.0 (BSL-1.0)">
    <implementation arch="*-*" id="da09e5ff-502b-48dd-8ef6-a3007f89c16d" released="2012-09-26" ryppl:vcs-revision="ba9a2ad29a7b31ff9e4a05100db634170ec74e7e" stability="developer" version="1.51-post-2012.09.26.1650">
      <archive extract="boost-lib-test-ba9a2ad" href="http://nodeload.github.com/boost-lib/test/zipball/ba9a2ad29a7b31ff9e4a05100db634170ec74e7e" size="1005223" type="application/zip"/>
      <manifest-digest sha1new="06e2b4201ffee2e8e171a0d2ae66d3a0bf9ad927"/>
    </implementation>
    <requires interface="https://raw.github.com/ryppl/feeds/gh-pages/boost/mpl-src.xml"/>
    <requires interface="https://raw.github.com/ryppl/feeds/gh-pages/boost/function-src.xml"/>
    <requires interface="https://raw.github.com/ryppl/feeds/gh-pages/boost/bind-src.xml"/>
    <requires interface="https://raw.github.com/ryppl/feeds/gh-pages/boost/iterator-src.xml"/>
    <requires interface="https://raw.github.com/ryppl/feeds/gh-pages/boost/utility-src.xml"/>
    <requires interface="https://raw.github.com/ryppl/feeds/gh-pages/boost/core-src.xml"/>
    <requires interface="https://raw.github.com/ryppl/feeds/gh-pages/boost/io-src.xml"/>
    <requires interface="https://raw.github.com/ryppl/feeds/gh-pages/boost/preprocessor-src.xml"/>
    <requires interface="https://raw.github.com/ryppl/feeds/gh-pages/boost/exception-src.xml"/>
    <requires interface="https://raw.github.com/ryppl/feeds/gh-pages/boost/numeric_conversion-src.xml"/>
    <requires interface="https://raw.github.com/ryppl/feeds/gh-pages/boost/conversion-src.xml"/>
    <requires interface="https://raw.github.com/ryppl/feeds/gh-pages/boost/smart_ptr-src.xml"/>
    <requires interface="https://raw.github.com/ryppl/feeds/gh-pages/boost/config-src.xml"/>
    <requires interface="https://raw.github.com/ryppl/feeds/gh-pages/boost/optional-src.xml"/>
    <requires interface="https://raw.github.com/ryppl/feeds/gh-pages/boost/timer-src.xml"/>
    <requires interface="https://raw.github.com/ryppl/feeds/gh-pages/boost/static_assert-src.xml"/>
    <requires interface="https://raw.github.com/ryppl/feeds/gh-pages/boost/type_traits-src.xml"/>
    <command name="develop">
      <runner interface="https://raw.github.com/ryppl/feeds/gh-pages/ryppl/ryppl.xml"/>
    </command>
  </group>
</interface>
<!-- Base64 Signature
iEYEABECAAYFAlBjM7gACgkQxnV5mk56UjF9lgCfZNKI9dhLW1mosZrmjzDBjs8TseMAnjo9btO1
MA8DN1fBCDO9h8YfJ5Kd

-->
