<?xml version="1.0" ?>
<?xml-stylesheet type='text/xsl' href='interface.xsl'?>
<interface uri="http://ryppl.github.com/feeds/boost/test-src.xml" xmlns="http://zero-install.sourceforge.net/2004/injector/interface" xmlns:compile="http://zero-install.sourceforge.net/2006/namespaces/0compile" xmlns:dc="http://purl.org/dc/elements/1.1/">
  <name>Boost.Test (source code)</name>
  <icon href="http://svn.boost.org/svn/boost/website/public_html/live/gfx/boost-dark-trans.png" type="image/png"/>
  <summary>A C++ library from Boost.org</summary>
  <homepage>http://www.boost.org/libs/test/</homepage>
  <dc:author>Gennadiy Rozental</dc:author>
  <description>Support for simple program testing, full unit
    testing, and for program execution monitoring.</description>
  <category type="http://boost.org/lib-categories">Correctness</category>
  <group license="OSI Approved :: Boost Software License 1.0 (BSL-1.0)">
    <implementation arch="*-*" id="1f8002d4-90f4-48c4-8741-9fb5ef413586" released="2012-05-01" stability="testing" version="1.49-post-201205020348">
      <archive extract="boost-lib-test-a3ae1c3" href="http://nodeload.github.com/boost-lib/test/zipball/a3ae1c30aa2286a7f7e2bb37aa154059e544f3cc" size="1004084" type="application/zip"/>
      <manifest-digest sha1new="30463f4102cd7be48dfa6949a432fd6297e83b81"/>
    </implementation>
  </group>
</interface>
<!-- Base64 Signature
iEYEABECAAYFAk+grsYACgkQxnV5mk56UjHNhwCbB0NrY/hJ7VHYy1IdcR8/7evloUAAn1pAegC8
Z/OMKFltbxni98Zc8tt5

-->
