<?xml version="1.0" ?>
<?xml-stylesheet type='text/xsl' href='interface.xsl'?>
<interface uri="https://raw.github.com/ryppl/feeds/gh-pages/boost/test-preinstall.xml" xmlns="http://zero-install.sourceforge.net/2004/injector/interface" xmlns:compile="http://zero-install.sourceforge.net/2006/namespaces/0compile" xmlns:dc="http://purl.org/dc/elements/1.1/" xmlns:ryppl="http://ryppl.org/2012">
  <name>Boost.Test (built state)</name>
  <icon href="http://svn.boost.org/svn/boost/website/public_html/live/gfx/boost-dark-trans.png" type="image/png"/>
  <ryppl:vcs-repository href="http://github.com/boost-lib/test.git" type="git"/>
  <summary>A C++ library from Boost.org</summary>
  <homepage>http://www.boost.org/libs/test/</homepage>
  <dc:author>Gennadiy Rozental</dc:author>
  <description>Support for simple program testing, full unit
    testing, and for program execution monitoring.</description>
  <category type="http://boost.org/lib-categories/2012">Correctness</category>
  <group license="OSI Approved :: Boost Software License 1.0 (BSL-1.0)">
    <implementation arch="*-src" id="942c0a57-a780-4006-ab79-a9fc64993162" released="2012-05-16" ryppl:vcs-revision="d107de5e21a70a524c9d1f3904e83a1f05782166" stability="developer" version="1.49-post-2012.05.16.2150">
      <archive extract="boost-lib-test-d107de5" href="http://nodeload.github.com/boost-lib/test/zipball/d107de5e21a70a524c9d1f3904e83a1f05782166" size="1004859" type="application/zip"/>
      <manifest-digest sha1new="6b57507cef2048f000a337d095c6b3c3dbedac65"/>
    </implementation>
    <command name="compile">
      <runner interface="https://raw.github.com/ryppl/feeds/gh-pages/ryppl/ryppl.xml">
        <arg>0install-cmake</arg>
        <arg>bin</arg>
        <arg>dev</arg>
      </runner>
      <requires interface="https://raw.github.com/ryppl/feeds/gh-pages/boost/circular_buffer-dev.xml">
        <environment insert="." mode="replace" name="BoostCircularBuffer_DIR"/>
      </requires>
      <requires interface="https://raw.github.com/ryppl/feeds/gh-pages/boost/iterator-dev.xml">
        <environment insert="." mode="replace" name="BoostIterator_DIR"/>
      </requires>
      <requires interface="https://raw.github.com/ryppl/feeds/gh-pages/boost/variant-dev.xml">
        <environment insert="." mode="replace" name="BoostVariant_DIR"/>
      </requires>
      <requires interface="https://raw.github.com/ryppl/feeds/gh-pages/boost/interprocess-dev.xml">
        <environment insert="." mode="replace" name="BoostInterprocess_DIR"/>
      </requires>
      <requires interface="https://raw.github.com/ryppl/feeds/gh-pages/boost/functional-dev.xml">
        <environment insert="." mode="replace" name="BoostFunctional_DIR"/>
      </requires>
      <requires interface="https://raw.github.com/ryppl/feeds/gh-pages/boost/io-dev.xml">
        <environment insert="." mode="replace" name="BoostIO_DIR"/>
      </requires>
      <requires interface="https://raw.github.com/ryppl/feeds/gh-pages/boost/proto-dev.xml">
        <environment insert="." mode="replace" name="BoostProto_DIR"/>
      </requires>
      <requires interface="https://raw.github.com/ryppl/feeds/gh-pages/boost/timer-dev.xml">
        <environment insert="." mode="replace" name="BoostTimer_DIR"/>
      </requires>
      <requires interface="https://raw.github.com/ryppl/feeds/gh-pages/boost/range-dev.xml">
        <environment insert="." mode="replace" name="BoostRange_DIR"/>
      </requires>
      <requires interface="https://raw.github.com/ryppl/feeds/gh-pages/zlib-dev.xml">
        <environment insert="." mode="replace" name="ZLIB_DIR"/>
      </requires>
      <requires interface="https://raw.github.com/ryppl/feeds/gh-pages/boost/iostreams-dev.xml">
        <environment insert="." mode="replace" name="BoostIOStreams_DIR"/>
      </requires>
      <requires interface="https://raw.github.com/ryppl/feeds/gh-pages/boost/units-dev.xml">
        <environment insert="." mode="replace" name="BoostUnits_DIR"/>
      </requires>
      <requires interface="https://raw.github.com/ryppl/feeds/gh-pages/boost/foreach-dev.xml">
        <environment insert="." mode="replace" name="BoostForeach_DIR"/>
      </requires>
      <requires interface="https://raw.github.com/ryppl/feeds/gh-pages/boost/ublas-dev.xml">
        <environment insert="." mode="replace" name="BoostUBLAS_DIR"/>
      </requires>
      <requires interface="https://raw.github.com/ryppl/feeds/gh-pages/boost/ratio-dev.xml">
        <environment insert="." mode="replace" name="BoostRatio_DIR"/>
      </requires>
      <requires interface="https://raw.github.com/ryppl/feeds/gh-pages/boost/xpressive-dev.xml">
        <environment insert="." mode="replace" name="BoostXpressive_DIR"/>
      </requires>
      <requires interface="https://raw.github.com/ryppl/feeds/gh-pages/boost/bind-dev.xml">
        <environment insert="." mode="replace" name="BoostBind_DIR"/>
      </requires>
      <requires interface="https://raw.github.com/ryppl/feeds/gh-pages/boost/format-dev.xml">
        <environment insert="." mode="replace" name="BoostFormat_DIR"/>
      </requires>
      <requires interface="https://raw.github.com/ryppl/feeds/gh-pages/boost/intrusive-dev.xml">
        <environment insert="." mode="replace" name="BoostIntrusive_DIR"/>
      </requires>
      <requires interface="https://raw.github.com/ryppl/feeds/gh-pages/boost/exception-dev.xml">
        <environment insert="." mode="replace" name="BoostException_DIR"/>
      </requires>
      <requires interface="https://raw.github.com/ryppl/feeds/gh-pages/boost/tr1-dev.xml">
        <environment insert="." mode="replace" name="BoostTR1_DIR"/>
      </requires>
      <requires interface="https://raw.github.com/ryppl/feeds/gh-pages/boost/date_time-dev.xml">
        <environment insert="." mode="replace" name="BoostDateTime_DIR"/>
      </requires>
      <requires interface="https://raw.github.com/ryppl/feeds/gh-pages/boost/config-dev.xml">
        <environment insert="." mode="replace" name="BoostConfig_DIR"/>
      </requires>
      <requires interface="https://raw.github.com/ryppl/feeds/gh-pages/boost/numeric_conversion-dev.xml">
        <environment insert="." mode="replace" name="BoostNumericConversion_DIR"/>
      </requires>
      <requires interface="https://raw.github.com/ryppl/feeds/gh-pages/bzip2-dev.xml">
        <environment insert="." mode="replace" name="BZip2_DIR"/>
      </requires>
      <requires interface="https://raw.github.com/ryppl/feeds/gh-pages/boost/integer-dev.xml">
        <environment insert="." mode="replace" name="BoostInteger_DIR"/>
      </requires>
      <requires interface="https://raw.github.com/ryppl/feeds/gh-pages/boost/accumulators-dev.xml">
        <environment insert="." mode="replace" name="BoostAccumulators_DIR"/>
      </requires>
      <requires interface="https://raw.github.com/ryppl/feeds/gh-pages/boost/rational-dev.xml">
        <environment insert="." mode="replace" name="BoostRational_DIR"/>
      </requires>
      <requires interface="https://raw.github.com/ryppl/feeds/gh-pages/boost/conversion-dev.xml">
        <environment insert="." mode="replace" name="BoostConversion_DIR"/>
      </requires>
      <requires interface="https://raw.github.com/ryppl/feeds/gh-pages/boost/ptr_container-dev.xml">
        <environment insert="." mode="replace" name="BoostPtrContainer_DIR"/>
      </requires>
      <requires interface="https://raw.github.com/ryppl/feeds/gh-pages/boost/chrono-dev.xml">
        <environment insert="." mode="replace" name="BoostChrono_DIR"/>
      </requires>
      <requires interface="https://raw.github.com/ryppl/feeds/gh-pages/boost/static_assert-dev.xml">
        <environment insert="." mode="replace" name="BoostStaticAssert_DIR"/>
      </requires>
      <requires interface="https://raw.github.com/ryppl/feeds/gh-pages/boost/logic-dev.xml">
        <environment insert="." mode="replace" name="BoostLogic_DIR"/>
      </requires>
      <requires interface="https://raw.github.com/ryppl/feeds/gh-pages/boost/unordered-dev.xml">
        <environment insert="." mode="replace" name="BoostUnordered_DIR"/>
      </requires>
      <requires interface="https://raw.github.com/ryppl/feeds/gh-pages/boost/assign-dev.xml">
        <environment insert="." mode="replace" name="BoostAssign_DIR"/>
      </requires>
      <requires interface="https://raw.github.com/ryppl/feeds/gh-pages/boost/lambda-dev.xml">
        <environment insert="." mode="replace" name="BoostLambda_DIR"/>
      </requires>
      <requires interface="https://raw.github.com/ryppl/feeds/gh-pages/boost/algorithm-dev.xml">
        <environment insert="." mode="replace" name="BoostAlgorithm_DIR"/>
      </requires>
      <requires interface="https://raw.github.com/ryppl/feeds/gh-pages/boost/type_traits-dev.xml">
        <environment insert="." mode="replace" name="BoostTypeTraits_DIR"/>
      </requires>
      <requires interface="https://raw.github.com/ryppl/feeds/gh-pages/boost/random-dev.xml">
        <environment insert="." mode="replace" name="BoostRandom_DIR"/>
      </requires>
      <requires interface="https://raw.github.com/ryppl/feeds/gh-pages/boost/optional-dev.xml">
        <environment insert="." mode="replace" name="BoostOptional_DIR"/>
      </requires>
      <requires interface="https://raw.github.com/ryppl/feeds/gh-pages/boost/math-dev.xml">
        <environment insert="." mode="replace" name="BoostMath_DIR"/>
      </requires>
      <requires interface="https://raw.github.com/ryppl/feeds/gh-pages/boost/utility-dev.xml">
        <environment insert="." mode="replace" name="BoostUtility_DIR"/>
      </requires>
      <requires interface="https://raw.github.com/ryppl/feeds/gh-pages/boost/parameter-dev.xml">
        <environment insert="." mode="replace" name="BoostParameter_DIR"/>
      </requires>
      <requires interface="https://raw.github.com/ryppl/feeds/gh-pages/boost/fusion-dev.xml">
        <environment insert="." mode="replace" name="BoostFusion_DIR"/>
      </requires>
      <requires interface="https://raw.github.com/ryppl/feeds/gh-pages/boost/move-dev.xml">
        <environment insert="." mode="replace" name="BoostMove_DIR"/>
      </requires>
      <requires interface="https://raw.github.com/ryppl/feeds/gh-pages/boost/tuple-dev.xml">
        <environment insert="." mode="replace" name="BoostTuple_DIR"/>
      </requires>
      <requires interface="https://raw.github.com/ryppl/feeds/gh-pages/boost/phoenix-dev.xml">
        <environment insert="." mode="replace" name="BoostPhoenix_DIR"/>
      </requires>
      <requires interface="https://raw.github.com/ryppl/feeds/gh-pages/boost/smart_ptr-dev.xml">
        <environment insert="." mode="replace" name="BoostSmartPtr_DIR"/>
      </requires>
      <requires interface="https://raw.github.com/ryppl/feeds/gh-pages/boost/array-dev.xml">
        <environment insert="." mode="replace" name="BoostArray_DIR"/>
      </requires>
      <requires interface="https://raw.github.com/ryppl/feeds/gh-pages/boost/mpl-dev.xml">
        <environment insert="." mode="replace" name="BoostMPL_DIR"/>
      </requires>
      <requires interface="https://raw.github.com/ryppl/feeds/gh-pages/boost/function-dev.xml">
        <environment insert="." mode="replace" name="BoostFunction_DIR"/>
      </requires>
      <requires interface="https://raw.github.com/ryppl/feeds/gh-pages/boost/functional_hash-dev.xml">
        <environment insert="." mode="replace" name="BoostFunctionalHash_DIR"/>
      </requires>
      <requires interface="https://raw.github.com/ryppl/feeds/gh-pages/boost/multi_index-dev.xml">
        <environment insert="." mode="replace" name="BoostMultiIndex_DIR"/>
      </requires>
      <requires interface="https://raw.github.com/ryppl/feeds/gh-pages/boost/preprocessor-dev.xml">
        <environment insert="." mode="replace" name="BoostPreprocessor_DIR"/>
      </requires>
      <requires interface="https://raw.github.com/ryppl/feeds/gh-pages/boost/typeof-dev.xml">
        <environment insert="." mode="replace" name="BoostTypeof_DIR"/>
      </requires>
      <requires interface="https://raw.github.com/ryppl/feeds/gh-pages/boost/pool-dev.xml">
        <environment insert="." mode="replace" name="BoostPool_DIR"/>
      </requires>
      <requires interface="https://raw.github.com/ryppl/feeds/gh-pages/icu-dev.xml">
        <environment insert="." mode="replace" name="ICU_DIR"/>
      </requires>
      <requires interface="https://raw.github.com/ryppl/feeds/gh-pages/boost/function_types-dev.xml">
        <environment insert="." mode="replace" name="BoostFunctionTypes_DIR"/>
      </requires>
      <requires interface="https://raw.github.com/ryppl/feeds/gh-pages/boost/spirit-dev.xml">
        <environment insert="." mode="replace" name="BoostSpirit_DIR"/>
      </requires>
      <requires interface="https://raw.github.com/ryppl/feeds/gh-pages/boost/core-dev.xml">
        <environment insert="." mode="replace" name="BoostCore_DIR"/>
      </requires>
      <requires interface="https://raw.github.com/ryppl/feeds/gh-pages/boost/system-dev.xml">
        <environment insert="." mode="replace" name="BoostSystem_DIR"/>
      </requires>
      <requires interface="https://raw.github.com/ryppl/feeds/gh-pages/boost/concept_check-dev.xml">
        <environment insert="." mode="replace" name="BoostConceptCheck_DIR"/>
      </requires>
      <requires interface="https://raw.github.com/ryppl/feeds/gh-pages/boost/tokenizer-dev.xml">
        <environment insert="." mode="replace" name="BoostTokenizer_DIR"/>
      </requires>
      <requires interface="https://raw.github.com/ryppl/feeds/gh-pages/boost/regex-dev.xml">
        <environment insert="." mode="replace" name="BoostRegex_DIR"/>
      </requires>
      <requires interface="https://raw.github.com/ryppl/feeds/gh-pages/boost/container-dev.xml">
        <environment insert="." mode="replace" name="BoostContainer_DIR"/>
      </requires>
      <requires interface="https://raw.github.com/ryppl/feeds/gh-pages/boost/timer.xml">
        <environment insert="." mode="replace" name="BoostTimer_BIN_DIR"/>
      </requires>
      <requires interface="https://raw.github.com/ryppl/feeds/gh-pages/boost/iostreams.xml">
        <environment insert="." mode="replace" name="BoostIOStreams_BIN_DIR"/>
      </requires>
      <requires interface="https://raw.github.com/ryppl/feeds/gh-pages/boost/date_time.xml">
        <environment insert="." mode="replace" name="BoostDateTime_BIN_DIR"/>
      </requires>
      <requires interface="https://raw.github.com/ryppl/feeds/gh-pages/boost/chrono.xml">
        <environment insert="." mode="replace" name="BoostChrono_BIN_DIR"/>
      </requires>
      <requires interface="https://raw.github.com/ryppl/feeds/gh-pages/boost/random.xml">
        <environment insert="." mode="replace" name="BoostRandom_BIN_DIR"/>
      </requires>
      <requires interface="https://raw.github.com/ryppl/feeds/gh-pages/boost/math.xml">
        <environment insert="." mode="replace" name="BoostMath_BIN_DIR"/>
      </requires>
      <requires interface="https://raw.github.com/ryppl/feeds/gh-pages/boost/system.xml">
        <environment insert="." mode="replace" name="BoostSystem_BIN_DIR"/>
      </requires>
      <requires interface="https://raw.github.com/ryppl/feeds/gh-pages/boost/regex.xml">
        <environment insert="." mode="replace" name="BoostRegex_BIN_DIR"/>
      </requires>
    </command>
  </group>
</interface>
<!-- Base64 Signature
iEYEABECAAYFAk+0I1MACgkQxnV5mk56UjE33ACfYEosOwnIDsYeMtpSHrtXu2Lx/vUAn1+8MbXz
r7ED8Y5WW0F59KNrvFna

-->
