<?xml version="1.0" ?>
<?xml-stylesheet type='text/xsl' href='interface.xsl'?>
<interface uri="http://ryppl.github.com/feeds/boost/test-src.xml" xmlns="http://zero-install.sourceforge.net/2004/injector/interface" xmlns:compile="http://zero-install.sourceforge.net/2006/namespaces/0compile" xmlns:dc="http://purl.org/dc/elements/1.1/" xmlns:ryppl="http://ryppl.org/2012">
  <name>Boost.Test (source code)</name>
  <icon href="http://svn.boost.org/svn/boost/website/public_html/live/gfx/boost-dark-trans.png" type="image/png"/>
  <ryppl:vcs-repository href="http://github.com/boost-lib/test.git" type="git"/>
  <summary>A C++ library from Boost.org</summary>
  <homepage>http://www.boost.org/libs/test/</homepage>
  <dc:author>Gennadiy Rozental</dc:author>
  <description>Support for simple program testing, full unit
    testing, and for program execution monitoring.</description>
  <category type="http://boost.org/lib-categories/2012">Correctness</category>
  <group license="OSI Approved :: Boost Software License 1.0 (BSL-1.0)">
    <implementation arch="*-*" id="b2628926-1b7b-4592-a3f0-e053f1a7c15b" released="2012-12-02" ryppl:vcs-revision="c33098d1af53e39e608e590212cbf0e97d5c02b5" stability="developer" version="1.51-post-2012.12.03.0250">
      <archive extract="test-c33098d1af53e39e608e590212cbf0e97d5c02b5" href="http://github.com/boost-lib/test/archive/c33098d1af53e39e608e590212cbf0e97d5c02b5.zip" size="1075384" type="application/zip"/>
      <manifest-digest sha256new="MCEUR3KZU5MRRRHWOPZL47LEAEMJDLGOTPAZFZNJYDLVGW2E5QNA"/>
    </implementation>
    <requires interface="http://ryppl.github.com/feeds/boost/mpl-src.xml"/>
    <requires interface="http://ryppl.github.com/feeds/boost/function-src.xml"/>
    <requires interface="http://ryppl.github.com/feeds/boost/bind-src.xml"/>
    <requires interface="http://ryppl.github.com/feeds/boost/iterator-src.xml"/>
    <requires interface="http://ryppl.github.com/feeds/boost/utility-src.xml"/>
    <requires interface="http://ryppl.github.com/feeds/boost/core-src.xml"/>
    <requires interface="http://ryppl.github.com/feeds/boost/io-src.xml"/>
    <requires interface="http://ryppl.github.com/feeds/boost/preprocessor-src.xml"/>
    <requires interface="http://ryppl.github.com/feeds/boost/exception-src.xml"/>
    <requires interface="http://ryppl.github.com/feeds/boost/numeric_conversion-src.xml"/>
    <requires interface="http://ryppl.github.com/feeds/boost/conversion-src.xml"/>
    <requires interface="http://ryppl.github.com/feeds/boost/smart_ptr-src.xml"/>
    <requires interface="http://ryppl.github.com/feeds/boost/config-src.xml"/>
    <requires interface="http://ryppl.github.com/feeds/boost/optional-src.xml"/>
    <requires interface="http://ryppl.github.com/feeds/boost/timer-src.xml"/>
    <requires interface="http://ryppl.github.com/feeds/boost/static_assert-src.xml"/>
    <requires interface="http://ryppl.github.com/feeds/boost/type_traits-src.xml"/>
    <requires interface="http://ryppl.github.com/feeds/ryppl/ryppl.xml"/>
    <command name="develop">
      <runner interface="http://ryppl.github.com/feeds/ryppl/ryppl.xml"/>
    </command>
  </group>
</interface>
<!-- Base64 Signature
iEYEABECAAYFAlC8FoIACgkQxnV5mk56UjFdpQCgpbq38eurkpnLHSBOiidiVl90zGAAnA5nGD4x
vTjTbTuH5gqhLrQ7uaKi

-->
