<?xml version="1.0" ?>
<?xml-stylesheet type='text/xsl' href='interface.xsl'?>
<interface uri="http://ryppl.github.com/feeds/boost/test-preinstall.xml" xmlns="http://zero-install.sourceforge.net/2004/injector/interface" xmlns:compile="http://zero-install.sourceforge.net/2006/namespaces/0compile" xmlns:dc="http://purl.org/dc/elements/1.1/">
  <name>Boost.Test (built state)</name>
  <icon href="http://svn.boost.org/svn/boost/website/public_html/live/gfx/boost-dark-trans.png" type="image/png"/>
  <summary>A C++ library from Boost.org</summary>
  <homepage>http://www.boost.org/libs/test/</homepage>
  <dc:author>Gennadiy Rozental</dc:author>
  <description>Support for simple program testing, full unit
    testing, and for program execution monitoring.</description>
  <category type="http://boost.org/lib-categories">Correctness</category>
  <group license="OSI Approved :: Boost Software License 1.0 (BSL-1.0)">
    <implementation arch="*-src" id="9b4531fa-be65-4e91-b4af-ac338f0b4f76" released="2012-05-02" stability="testing" version="1.49-post-201205021531">
      <archive extract="empty" href="http://ryppl.github.com/feeds/empty.zip" size="162" type="application/zip"/>
      <manifest-digest sha1new="da39a3ee5e6b4b0d3255bfef95601890afd80709"/>
    </implementation>
    <command name="compile">
      <runner interface="http://ryppl.github.com/feeds/ryppl/0cmake.xml">
        <version not-before="0.8-pre-201205011504"/>
        <arg>preinstall</arg>
      </runner>
      <requires interface="http://ryppl.github.com/feeds/boost/test-src.xml">
        <environment insert="." mode="replace" name="SRCDIR"/>
      </requires>
      <requires interface="http://ryppl.github.com/feeds/boost/CMakeLists.xml">
        <environment insert="test" mode="replace" name="BOOST_CMAKELISTS_OVERLAY"/>
      </requires>
      <requires interface="http://ryppl.github.com/feeds/boost/Config-dev.xml">
        <environment insert="." mode="replace" name="BoostConfig_DIR"/>
      </requires>
      <requires interface="http://ryppl.github.com/feeds/boost/Timer-dev.xml">
        <environment insert="." mode="replace" name="BoostTimer_DIR"/>
      </requires>
    </command>
  </group>
</interface>
<!-- Base64 Signature
iEYEABECAAYFAk+hU1kACgkQxnV5mk56UjEDLQCfX7/7+fRz6lIt3FLI1ijHu1WB5LgAn2JpTY2a
XvQDrd/mA2Xu4AexU91l

-->
