<?xml version="1.0" ?>
<?xml-stylesheet type='text/xsl' href='interface.xsl'?>
<interface uri="http://ryppl.github.com/feeds/boost/test-src.xml" xmlns="http://zero-install.sourceforge.net/2004/injector/interface" xmlns:compile="http://zero-install.sourceforge.net/2006/namespaces/0compile" xmlns:dc="http://purl.org/dc/elements/1.1/" xmlns:ryppl="http://ryppl.org/2012">
  <name>Boost.Test (source code)</name>
  <icon href="http://svn.boost.org/svn/boost/website/public_html/live/gfx/boost-dark-trans.png" type="image/png"/>
  <ryppl:vcs-repository href="http://github.com/boost-lib/test.git" type="git"/>
  <summary>A C++ library from Boost.org</summary>
  <homepage>http://www.boost.org/libs/test/</homepage>
  <dc:author>Gennadiy Rozental</dc:author>
  <description>Support for simple program testing, full unit
    testing, and for program execution monitoring.</description>
  <category type="http://boost.org/lib-categories/2012">Correctness</category>
  <group license="OSI Approved :: Boost Software License 1.0 (BSL-1.0)">
    <implementation arch="*-*" id="87d032ba-5544-4dab-a96e-b971d0c613da" released="2012-09-27" ryppl:vcs-revision="ba9a2ad29a7b31ff9e4a05100db634170ec74e7e" stability="developer" version="1.51-post-2012.09.27.1840">
      <archive extract="boost-lib-test-ba9a2ad" href="http://nodeload.github.com/boost-lib/test/zipball/ba9a2ad29a7b31ff9e4a05100db634170ec74e7e" size="1005223" type="application/zip"/>
      <manifest-digest sha256="KEP2GPRRZVK4XPYV5ERIRD762ZDUYWOBMLZGOGT5AWXUKSZLGXOA"/>
    </implementation>
    <requires interface="http://ryppl.github.com/feeds/boost/mpl-src.xml"/>
    <requires interface="http://ryppl.github.com/feeds/boost/function-src.xml"/>
    <requires interface="http://ryppl.github.com/feeds/boost/bind-src.xml"/>
    <requires interface="http://ryppl.github.com/feeds/boost/iterator-src.xml"/>
    <requires interface="http://ryppl.github.com/feeds/boost/utility-src.xml"/>
    <requires interface="http://ryppl.github.com/feeds/boost/core-src.xml"/>
    <requires interface="http://ryppl.github.com/feeds/boost/io-src.xml"/>
    <requires interface="http://ryppl.github.com/feeds/boost/preprocessor-src.xml"/>
    <requires interface="http://ryppl.github.com/feeds/boost/exception-src.xml"/>
    <requires interface="http://ryppl.github.com/feeds/boost/numeric_conversion-src.xml"/>
    <requires interface="http://ryppl.github.com/feeds/boost/conversion-src.xml"/>
    <requires interface="http://ryppl.github.com/feeds/boost/smart_ptr-src.xml"/>
    <requires interface="http://ryppl.github.com/feeds/boost/config-src.xml"/>
    <requires interface="http://ryppl.github.com/feeds/boost/optional-src.xml"/>
    <requires interface="http://ryppl.github.com/feeds/boost/timer-src.xml"/>
    <requires interface="http://ryppl.github.com/feeds/boost/static_assert-src.xml"/>
    <requires interface="http://ryppl.github.com/feeds/boost/type_traits-src.xml"/>
    <command name="develop">
      <runner interface="http://ryppl.github.com/feeds/ryppl/ryppl.xml"/>
    </command>
  </group>
</interface>
<!-- Base64 Signature
iEYEABECAAYFAlBknmwACgkQxnV5mk56UjEBKACeKg7oJVn+DUZdoPeJaRdCcuFbRtkAn2VZ1PkL
ipq8L7lGcc4IeGSjLuLw

-->
