<?xml version="1.0" ?>
<?xml-stylesheet type='text/xsl' href='interface.xsl'?>
<interface uri="http://ryppl.github.com/feeds/boost/test-dev.xml" xmlns="http://zero-install.sourceforge.net/2004/injector/interface" xmlns:compile="http://zero-install.sourceforge.net/2006/namespaces/0compile" xmlns:dc="http://purl.org/dc/elements/1.1/" xmlns:ryppl="http://ryppl.org/2012">
  <name>Boost.Test (development files)</name>
  <icon href="http://svn.boost.org/svn/boost/website/public_html/live/gfx/boost-dark-trans.png" type="image/png"/>
  <ryppl:vcs-repository href="http://github.com/boost-lib/test.git" type="git"/>
  <summary>A C++ library from Boost.org</summary>
  <homepage>http://www.boost.org/libs/test/</homepage>
  <dc:author>Gennadiy Rozental</dc:author>
  <description>Support for simple program testing, full unit
    testing, and for program execution monitoring.</description>
  <category type="http://boost.org/lib-categories/2012">Correctness</category>
  <group license="OSI Approved :: Boost Software License 1.0 (BSL-1.0)">
    <implementation arch="*-src" id="15ee44e8-1843-4a31-bd41-3147fdf4f8d4" released="2012-05-15" stability="testing" version="1.49-post-2012.05.16.0440">
      <archive extract="empty" href="http://ryppl.github.com/feeds/empty.zip" size="162" type="application/zip"/>
      <manifest-digest sha1new="da39a3ee5e6b4b0d3255bfef95601890afd80709"/>
    </implementation>
    <command name="compile">
      <runner interface="http://ryppl.github.com/feeds/ryppl/ryppl.xml">
        <arg>writable-directory-overlay</arg>
        <arg>${SRCDIR}</arg>
        <arg>${DISTDIR}</arg>
      </runner>
      <requires interface="http://ryppl.github.com/feeds/boost/test-preinstall.xml">
        <environment insert="dev" mode="replace" name="SRCDIR"/>
      </requires>
    </command>
  </group>
</interface>
<!-- Base64 Signature
iEUEABECAAYFAk+zMJEACgkQxnV5mk56UjEHZACWP37cTpqDkwAfDl5Sy4Cw096InQCcCCRNMYt5
4hPYcmUt7dQ2Ntwa/c8=

-->
