<?xml version="1.0" ?>
<?xml-stylesheet type='text/xsl' href='interface.xsl'?>
<interface uri="http://ryppl.github.com/feeds/boost/test-preinstall.xml" xmlns="http://zero-install.sourceforge.net/2004/injector/interface" xmlns:compile="http://zero-install.sourceforge.net/2006/namespaces/0compile" xmlns:dc="http://purl.org/dc/elements/1.1/">
  <name>Boost.Test (built state)</name>
  <icon href="http://svn.boost.org/svn/boost/website/public_html/live/gfx/boost-dark-trans.png" type="image/png"/>
  <summary>A C++ library from Boost.org</summary>
  <homepage>http://www.boost.org/libs/test/</homepage>
  <dc:author>Gennadiy Rozental</dc:author>
  <description>Support for simple program testing, full unit
    testing, and for program execution monitoring.</description>
  <category type="http://boost.org/lib-categories">Correctness</category>
  <group license="OSI Approved :: Boost Software License 1.0 (BSL-1.0)">
    <implementation arch="*-src" id="aa45d30b-828b-45db-b01c-ae99e94f7256" released="2012-05-03" stability="testing" version="1.49-post-201205032130">
      <archive extract="empty" href="http://ryppl.github.com/feeds/empty.zip" size="162" type="application/zip"/>
      <manifest-digest sha1new="da39a3ee5e6b4b0d3255bfef95601890afd80709"/>
    </implementation>
    <command name="compile">
      <runner interface="http://ryppl.github.com/feeds/ryppl/0cmake.xml">
        <version not-before="0.8-pre-201205011504"/>
        <arg>preinstall</arg>
      </runner>
      <requires interface="http://ryppl.github.com/feeds/boost/test-src.xml">
        <environment insert="." mode="replace" name="SRCDIR"/>
      </requires>
      <requires interface="http://ryppl.github.com/feeds/boost/CMakeLists.xml">
        <environment insert="test" mode="replace" name="BOOST_CMAKELISTS_OVERLAY"/>
      </requires>
      <requires interface="http://ryppl.github.com/feeds/boost/ratio-dev.xml">
        <environment insert="." mode="replace" name="BoostRatio_DIR"/>
      </requires>
      <requires interface="http://ryppl.github.com/feeds/boost/mpl-dev.xml">
        <environment insert="." mode="replace" name="BoostMPL_DIR"/>
      </requires>
      <requires interface="http://ryppl.github.com/feeds/boost/interprocess-dev.xml">
        <environment insert="." mode="replace" name="BoostInterprocess_DIR"/>
      </requires>
      <requires interface="http://ryppl.github.com/feeds/boost/exception-dev.xml">
        <environment insert="." mode="replace" name="BoostException_DIR"/>
      </requires>
      <requires interface="http://ryppl.github.com/feeds/boost/config-dev.xml">
        <environment insert="." mode="replace" name="BoostConfig_DIR"/>
      </requires>
      <requires interface="http://ryppl.github.com/feeds/boost/typeof-dev.xml">
        <environment insert="." mode="replace" name="BoostTypeof_DIR"/>
      </requires>
      <requires interface="http://ryppl.github.com/feeds/boost/timer-dev.xml">
        <environment insert="." mode="replace" name="BoostTimer_DIR"/>
      </requires>
      <requires interface="http://ryppl.github.com/feeds/boost/type_traits-dev.xml">
        <environment insert="." mode="replace" name="BoostTypeTraits_DIR"/>
      </requires>
      <requires interface="http://ryppl.github.com/feeds/boost/integer-dev.xml">
        <environment insert="." mode="replace" name="BoostInteger_DIR"/>
      </requires>
      <requires interface="http://ryppl.github.com/feeds/boost/math-dev.xml">
        <environment insert="." mode="replace" name="BoostMath_DIR"/>
      </requires>
      <requires interface="http://ryppl.github.com/feeds/boost/utility-dev.xml">
        <environment insert="." mode="replace" name="BoostUtility_DIR"/>
      </requires>
      <requires interface="http://ryppl.github.com/feeds/boost/core-dev.xml">
        <environment insert="." mode="replace" name="BoostCore_DIR"/>
      </requires>
      <requires interface="http://ryppl.github.com/feeds/boost/system-dev.xml">
        <environment insert="." mode="replace" name="BoostSystem_DIR"/>
      </requires>
      <requires interface="http://ryppl.github.com/feeds/boost/accumulators-dev.xml">
        <environment insert="." mode="replace" name="BoostAccumulators_DIR"/>
      </requires>
      <requires interface="http://ryppl.github.com/feeds/boost/rational-dev.xml">
        <environment insert="." mode="replace" name="BoostRational_DIR"/>
      </requires>
      <requires interface="http://ryppl.github.com/feeds/boost/format-dev.xml">
        <environment insert="." mode="replace" name="BoostFormat_DIR"/>
      </requires>
      <requires interface="http://ryppl.github.com/feeds/boost/chrono-dev.xml">
        <environment insert="." mode="replace" name="BoostChrono_DIR"/>
      </requires>
      <requires interface="http://ryppl.github.com/feeds/boost/static_assert-dev.xml">
        <environment insert="." mode="replace" name="BoostStaticAssert_DIR"/>
      </requires>
    </command>
  </group>
</interface>
<!-- Base64 Signature
iEYEABECAAYFAk+i+QgACgkQxnV5mk56UjFXVACfSNOSrALmoMN2VNUHpVDI5nSEu0sAn1NxZfNs
xzini8i7AeC00uJmbx6Y

-->
