<?xml version="1.0" ?>
<?xml-stylesheet type='text/xsl' href='interface.xsl'?>
<interface uri="http://ryppl.github.com/feeds/boost/test-dev.xml" xmlns="http://zero-install.sourceforge.net/2004/injector/interface" xmlns:compile="http://zero-install.sourceforge.net/2006/namespaces/0compile" xmlns:dc="http://purl.org/dc/elements/1.1/" xmlns:ryppl="http://ryppl.org/2012">
  <name>Boost.Test (development files)</name>
  <icon href="http://svn.boost.org/svn/boost/website/public_html/live/gfx/boost-dark-trans.png" type="image/png"/>
  <ryppl:vcs-repository href="http://github.com/boost-lib/test.git" type="git"/>
  <summary>A C++ library from Boost.org</summary>
  <homepage>http://www.boost.org/libs/test/</homepage>
  <dc:author>Gennadiy Rozental</dc:author>
  <description>Support for simple program testing, full unit
    testing, and for program execution monitoring.</description>
  <category type="http://boost.org/lib-categories/2012">Correctness</category>
  <group license="OSI Approved :: Boost Software License 1.0 (BSL-1.0)">
    <implementation arch="*-src" id="6141dfd1-87b6-4a63-ac75-57685f999bbd" released="2012-12-02" stability="developer" version="1.51-post-2012.12.03.0135">
      <archive extract="empty" href="http://ryppl.github.com/feeds/empty.zip" size="162" type="application/zip"/>
      <manifest-digest sha256new="4OYMIQUY7QOBJGX36TEJS35ZEQT24QPEMSNZGTFESWMRW6CSXBKQ"/>
    </implementation>
    <command name="compile">
      <runner interface="http://ryppl.github.com/feeds/ryppl/ryppl.xml">
        <arg>writable-directory-overlay</arg>
        <arg>${SRCDIR}</arg>
        <arg>${DISTDIR}</arg>
      </runner>
      <requires interface="http://ryppl.github.com/feeds/boost/test-preinstall.xml">
        <environment insert="dev" mode="replace" name="SRCDIR"/>
      </requires>
    </command>
  </group>
</interface>
<!-- Base64 Signature
iEYEABECAAYFAlC8CJwACgkQxnV5mk56UjFMTQCffImxIfWPEVTogDnaZmYs1F5tfw0AoJlXavc3
DUKQK7nosIAhuFpC6rYu

-->
